<?xml version="1.0" encoding="UTF-8"?>
<testsuite name="com.automationanywhere.commands.basic.SimpleActionTest" tests="3" skipped="0" failures="0" errors="0" timestamp="2020-12-30T18:23:52" hostname="DESKTOP-19AEA46" time="0.009">
  <properties/>
  <testcase name="myTest[0](bren, Oh hi there, bren)" classname="com.automationanywhere.commands.basic.SimpleActionTest" time="0.008"/>
  <testcase name="myTest[1](dart, Oh hi there, dart)" classname="com.automationanywhere.commands.basic.SimpleActionTest" time="0.001"/>
  <testcase name="myTest[2](linus, Oh hi there, linus)" classname="com.automationanywhere.commands.basic.SimpleActionTest" time="0.0"/>
  <system-out><![CDATA[]]></system-out>
  <system-err><![CDATA[]]></system-err>
</testsuite>
